This is pdfTeX, Version 3.14159265-2.6-1.40.21 (TeX Live 2020/W32TeX) (preloaded format=pdflatex 2020.9.21)  22 SEP 2020 23:06
entering extended mode
 restricted \write18 enabled.
 %&-line parsing enabled.
**03_datasets_revised.tex
(./03_datasets_revised.tex
LaTeX2e <2020-02-02> patch level 5
L3 programming layer <2020-09-06>
(c:/Users/michaela.bayerlova/AppData/Roaming/TinyTeX/texmf-dist/tex/latex/base/
article.cls
Document Class: article 2019/12/20 v1.4l Standard LaTeX document class

(c:/Users/michaela.bayerlova/AppData/Roaming/TinyTeX/texmf-dist/tex/latex/base/
size10.clo
File: size10.clo 2019/12/20 v1.4l Standard LaTeX file (size option)
)
\c@part=\count168
\c@section=\count169
\c@subsection=\count170
\c@subsubsection=\count171
\c@paragraph=\count172
\c@subparagraph=\count173
\c@figure=\count174
\c@table=\count175
\abovecaptionskip=\skip47
\belowcaptionskip=\skip48
\bibindent=\dimen134
)
(c:/Users/michaela.bayerlova/AppData/Roaming/TinyTeX/texmf-dist/tex/latex/graph
ics/graphicx.sty
Package: graphicx 2019/11/30 v1.2a Enhanced LaTeX Graphics (DPC,SPQR)

(c:/Users/michaela.bayerlova/AppData/Roaming/TinyTeX/texmf-dist/tex/latex/graph
ics/keyval.sty
Package: keyval 2014/10/28 v1.15 key=value parser (DPC)
\KV@toks@=\toks15
)
(c:/Users/michaela.bayerlova/AppData/Roaming/TinyTeX/texmf-dist/tex/latex/graph
ics/graphics.sty
Package: graphics 2019/11/30 v1.4a Standard LaTeX Graphics (DPC,SPQR)

(c:/Users/michaela.bayerlova/AppData/Roaming/TinyTeX/texmf-dist/tex/latex/graph
ics/trig.sty
Package: trig 2016/01/03 v1.10 sin cos tan (DPC)
)
(c:/Users/michaela.bayerlova/AppData/Roaming/TinyTeX/texmf-dist/tex/latex/graph
ics-cfg/graphics.cfg
File: graphics.cfg 2016/06/04 v1.11 sample graphics configuration
)
Package graphics Info: Driver file: pdftex.def on input line 105.

(c:/Users/michaela.bayerlova/AppData/Roaming/TinyTeX/texmf-dist/tex/latex/graph
ics-def/pdftex.def
File: pdftex.def 2020/08/26 v1.2 Graphics/color driver for pdftex
))
\Gin@req@height=\dimen135
\Gin@req@width=\dimen136
)
(c:/Users/michaela.bayerlova/AppData/Roaming/TinyTeX/texmf-dist/tex/latex/float
/float.sty
Package: float 2001/11/08 v1.3d Float enhancements (AL)
\c@float@type=\count176
\float@exts=\toks16
\float@box=\box45
\@float@everytoks=\toks17
\@floatcapt=\box46
)
(c:/Users/michaela.bayerlova/AppData/Roaming/TinyTeX/texmf-dist/tex/latex/wrapf
ig/wrapfig.sty
\wrapoverhang=\dimen137
\WF@size=\dimen138
\c@WF@wrappedlines=\count177
\WF@box=\box47
\WF@everypar=\toks18
Package: wrapfig 2003/01/31  v 3.6
)
(c:/Users/michaela.bayerlova/AppData/Roaming/TinyTeX/texmf-dist/tex/latex/morev
erb/moreverb.sty
Package: moreverb 2008/06/03 v2.3a `more' verbatim facilities

(c:/Users/michaela.bayerlova/AppData/Roaming/TinyTeX/texmf-dist/tex/latex/tools
/verbatim.sty
Package: verbatim 2019/11/10 v1.5r LaTeX2e package for verbatim enhancements
\every@verbatim=\toks19
\verbatim@line=\toks20
\verbatim@in@stream=\read2
)
\tab@position=\count178
\tab@size=\count179
\listing@line=\count180
)
(c:/Users/michaela.bayerlova/AppData/Roaming/TinyTeX/texmf-dist/tex/latex/fancy
hdr/fancyhdr.sty
Package: fancyhdr 2019/01/31 v3.10 Extensive control of page headers and footer
s
\f@nch@headwidth=\skip49
\f@nch@O@elh=\skip50
\f@nch@O@erh=\skip51
\f@nch@O@olh=\skip52
\f@nch@O@orh=\skip53
\f@nch@O@elf=\skip54
\f@nch@O@erf=\skip55
\f@nch@O@olf=\skip56
\f@nch@O@orf=\skip57
)
(c:/Users/michaela.bayerlova/AppData/Roaming/TinyTeX/texmf-dist/tex/latex/lastp
age/lastpage.sty
Package: lastpage 2015/03/29 v1.2m Refers to last page's name (HMM; JPG)
)
(c:/Users/michaela.bayerlova/AppData/Roaming/TinyTeX/texmf-dist/tex/latex/setsp
ace/setspace.sty
Package: setspace 2011/12/19 v6.7a set line spacing
)
(c:/Users/michaela.bayerlova/AppData/Roaming/TinyTeX/texmf-dist/tex/latex/amsma
th/amsmath.sty
Package: amsmath 2020/01/20 v2.17e AMS math features
\@mathmargin=\skip58
For additional information on amsmath, use the `?' option.

(c:/Users/michaela.bayerlova/AppData/Roaming/TinyTeX/texmf-dist/tex/latex/amsma
th/amstext.sty
Package: amstext 2000/06/29 v2.01 AMS text

(c:/Users/michaela.bayerlova/AppData/Roaming/TinyTeX/texmf-dist/tex/latex/amsma
th/amsgen.sty
File: amsgen.sty 1999/11/30 v2.0 generic functions
\@emptytoks=\toks21
\ex@=\dimen139
))
(c:/Users/michaela.bayerlova/AppData/Roaming/TinyTeX/texmf-dist/tex/latex/amsma
th/amsbsy.sty
Package: amsbsy 1999/11/29 v1.2d Bold Symbols
\pmbraise@=\dimen140
)
(c:/Users/michaela.bayerlova/AppData/Roaming/TinyTeX/texmf-dist/tex/latex/amsma
th/amsopn.sty
Package: amsopn 2016/03/08 v2.02 operator names
)
\inf@bad=\count181
LaTeX Info: Redefining \frac on input line 227.
\uproot@=\count182
\leftroot@=\count183
LaTeX Info: Redefining \overline on input line 389.
\classnum@=\count184
\DOTSCASE@=\count185
LaTeX Info: Redefining \ldots on input line 486.
LaTeX Info: Redefining \dots on input line 489.
LaTeX Info: Redefining \cdots on input line 610.
\Mathstrutbox@=\box48
\strutbox@=\box49
\big@size=\dimen141
LaTeX Font Info:    Redeclaring font encoding OML on input line 733.
LaTeX Font Info:    Redeclaring font encoding OMS on input line 734.
\macc@depth=\count186
\c@MaxMatrixCols=\count187
\dotsspace@=\muskip16
\c@parentequation=\count188
\dspbrk@lvl=\count189
\tag@help=\toks22
\row@=\count190
\column@=\count191
\maxfields@=\count192
\andhelp@=\toks23
\eqnshift@=\dimen142
\alignsep@=\dimen143
\tagshift@=\dimen144
\tagwidth@=\dimen145
\totwidth@=\dimen146
\lineht@=\dimen147
\@envbody=\toks24
\multlinegap=\skip59
\multlinetaggap=\skip60
\mathdisplay@stack=\toks25
LaTeX Info: Redefining \[ on input line 2859.
LaTeX Info: Redefining \] on input line 2860.
)
(c:/Users/michaela.bayerlova/AppData/Roaming/TinyTeX/texmf-dist/tex/latex/amsfo
nts/amsfonts.sty
Package: amsfonts 2013/01/14 v3.01 Basic AMSFonts support
\symAMSa=\mathgroup4
\symAMSb=\mathgroup5
LaTeX Font Info:    Redeclaring math symbol \hbar on input line 98.
LaTeX Font Info:    Overwriting math alphabet `\mathfrak' in version `bold'
(Font)                  U/euf/m/n --> U/euf/b/n on input line 106.
)
(c:/Users/michaela.bayerlova/AppData/Roaming/TinyTeX/texmf-dist/tex/latex/amscl
s/amsthm.sty
Package: amsthm 2020/05/29 v2.20.6
\thm@style=\toks26
\thm@bodyfont=\toks27
\thm@headfont=\toks28
\thm@notefont=\toks29
\thm@headpunct=\toks30
\thm@preskip=\skip61
\thm@postskip=\skip62
\thm@headsep=\skip63
\dth@everypar=\toks31
)
(c:/Users/michaela.bayerlova/AppData/Roaming/TinyTeX/texmf-dist/tex/latex/amsfo
nts/amssymb.sty
Package: amssymb 2013/01/14 v3.01 AMS font symbols
)
(c:/Users/michaela.bayerlova/AppData/Roaming/TinyTeX/texmf-dist/tex/latex/tools
/tabularx.sty
Package: tabularx 2020/01/15 v2.11c `tabularx' package (DPC)

(c:/Users/michaela.bayerlova/AppData/Roaming/TinyTeX/texmf-dist/tex/latex/tools
/array.sty
Package: array 2019/08/31 v2.4l Tabular extension package (FMi)
\col@sep=\dimen148
\ar@mcellbox=\box50
\extrarowheight=\dimen149
\NC@list=\toks32
\extratabsurround=\skip64
\backup@length=\skip65
\ar@cellbox=\box51
)
\TX@col@width=\dimen150
\TX@old@table=\dimen151
\TX@old@col=\dimen152
\TX@target=\dimen153
\TX@delta=\dimen154
\TX@cols=\count193
\TX@ftn=\toks33
)
(c:/Users/michaela.bayerlova/AppData/Roaming/TinyTeX/texmf-dist/tex/latex/hyper
ref/hyperref.sty
Package: hyperref 2020-05-15 v7.00e Hypertext links for LaTeX

(c:/Users/michaela.bayerlova/AppData/Roaming/TinyTeX/texmf-dist/tex/generic/ltx
cmds/ltxcmds.sty
Package: ltxcmds 2019/12/15 v1.24 LaTeX kernel commands for general use (HO)
)
(c:/Users/michaela.bayerlova/AppData/Roaming/TinyTeX/texmf-dist/tex/generic/ift
ex/iftex.sty
Package: iftex 2020/03/06 v1.0d TeX engine tests
)
(c:/Users/michaela.bayerlova/AppData/Roaming/TinyTeX/texmf-dist/tex/generic/pdf
texcmds/pdftexcmds.sty
Package: pdftexcmds 2020-06-27 v0.33 Utility functions of pdfTeX for LuaTeX (HO
)

(c:/Users/michaela.bayerlova/AppData/Roaming/TinyTeX/texmf-dist/tex/generic/inf
warerr/infwarerr.sty
Package: infwarerr 2019/12/03 v1.5 Providing info/warning/error messages (HO)
)
Package pdftexcmds Info: \pdf@primitive is available.
Package pdftexcmds Info: \pdf@ifprimitive is available.
Package pdftexcmds Info: \pdfdraftmode found.
)
(c:/Users/michaela.bayerlova/AppData/Roaming/TinyTeX/texmf-dist/tex/generic/kvs
etkeys/kvsetkeys.sty
Package: kvsetkeys 2019/12/15 v1.18 Key value parser (HO)
)
(c:/Users/michaela.bayerlova/AppData/Roaming/TinyTeX/texmf-dist/tex/generic/kvd
efinekeys/kvdefinekeys.sty
Package: kvdefinekeys 2019-12-19 v1.6 Define keys (HO)
)
(c:/Users/michaela.bayerlova/AppData/Roaming/TinyTeX/texmf-dist/tex/generic/pdf
escape/pdfescape.sty
Package: pdfescape 2019/12/09 v1.15 Implements pdfTeX's escape features (HO)
)
(c:/Users/michaela.bayerlova/AppData/Roaming/TinyTeX/texmf-dist/tex/latex/hycol
or/hycolor.sty
Package: hycolor 2020-01-27 v1.10 Color options for hyperref/bookmark (HO)
)
(c:/Users/michaela.bayerlova/AppData/Roaming/TinyTeX/texmf-dist/tex/latex/letlt
xmacro/letltxmacro.sty
Package: letltxmacro 2019/12/03 v1.6 Let assignment for LaTeX macros (HO)
)
(c:/Users/michaela.bayerlova/AppData/Roaming/TinyTeX/texmf-dist/tex/latex/auxho
ok/auxhook.sty
Package: auxhook 2019-12-17 v1.6 Hooks for auxiliary files (HO)
)
(c:/Users/michaela.bayerlova/AppData/Roaming/TinyTeX/texmf-dist/tex/latex/kvopt
ions/kvoptions.sty
Package: kvoptions 2019/11/29 v3.13 Key value format for package options (HO)
)
\@linkdim=\dimen155
\Hy@linkcounter=\count194
\Hy@pagecounter=\count195

(c:/Users/michaela.bayerlova/AppData/Roaming/TinyTeX/texmf-dist/tex/latex/hyper
ref/pd1enc.def
File: pd1enc.def 2020-05-15 v7.00e Hyperref: PDFDocEncoding definition (HO)
Now handling font encoding PD1 ...
... no UTF-8 mapping file for font encoding PD1
)
(c:/Users/michaela.bayerlova/AppData/Roaming/TinyTeX/texmf-dist/tex/generic/int
calc/intcalc.sty
Package: intcalc 2019/12/15 v1.3 Expandable calculations with integers (HO)
)
(c:/Users/michaela.bayerlova/AppData/Roaming/TinyTeX/texmf-dist/tex/generic/ete
xcmds/etexcmds.sty
Package: etexcmds 2019/12/15 v1.7 Avoid name clashes with e-TeX commands (HO)
)
\Hy@SavedSpaceFactor=\count196
Package hyperref Info: Option `unicode' set `true' on input line 4338.

(c:/Users/michaela.bayerlova/AppData/Roaming/TinyTeX/texmf-dist/tex/latex/hyper
ref/puenc.def
File: puenc.def 2020-05-15 v7.00e Hyperref: PDF Unicode definition (HO)
Now handling font encoding PU ...
... no UTF-8 mapping file for font encoding PU
)
Package hyperref Info: Hyper figures OFF on input line 4464.
Package hyperref Info: Link nesting OFF on input line 4469.
Package hyperref Info: Hyper index ON on input line 4472.
Package hyperref Info: Plain pages OFF on input line 4479.
Package hyperref Info: Backreferencing OFF on input line 4484.
Package hyperref Info: Implicit mode ON; LaTeX internals redefined.
Package hyperref Info: Bookmarks ON on input line 4717.
\c@Hy@tempcnt=\count197

(c:/Users/michaela.bayerlova/AppData/Roaming/TinyTeX/texmf-dist/tex/latex/url/u
rl.sty
\Urlmuskip=\muskip17
Package: url 2013/09/16  ver 3.4  Verb mode for urls, etc.
)
LaTeX Info: Redefining \url on input line 5076.
\XeTeXLinkMargin=\dimen156

(c:/Users/michaela.bayerlova/AppData/Roaming/TinyTeX/texmf-dist/tex/generic/bit
set/bitset.sty
Package: bitset 2019/12/09 v1.3 Handle bit-vector datatype (HO)

(c:/Users/michaela.bayerlova/AppData/Roaming/TinyTeX/texmf-dist/tex/generic/big
intcalc/bigintcalc.sty
Package: bigintcalc 2019/12/15 v1.5 Expandable calculations on big integers (HO
)
))
\Fld@menulength=\count198
\Field@Width=\dimen157
\Fld@charsize=\dimen158
Package hyperref Info: Hyper figures OFF on input line 6347.
Package hyperref Info: Link nesting OFF on input line 6352.
Package hyperref Info: Hyper index ON on input line 6355.
Package hyperref Info: backreferencing OFF on input line 6362.
Package hyperref Info: Link coloring OFF on input line 6367.
Package hyperref Info: Link coloring with OCG OFF on input line 6372.
Package hyperref Info: PDF/A mode OFF on input line 6377.
LaTeX Info: Redefining \ref on input line 6417.
LaTeX Info: Redefining \pageref on input line 6421.

(c:/Users/michaela.bayerlova/AppData/Roaming/TinyTeX/texmf-dist/tex/generic/atb
egshi/atbegshi.sty
Package: atbegshi 2019/12/05 v1.19 At begin shipout hook (HO)
)
\Hy@abspage=\count199
\c@Item=\count266
\c@Hfootnote=\count267
)
Package hyperref Info: Driver (autodetected): hpdftex.

(c:/Users/michaela.bayerlova/AppData/Roaming/TinyTeX/texmf-dist/tex/latex/hyper
ref/hpdftex.def
File: hpdftex.def 2020-05-15 v7.00e Hyperref driver for pdfTeX

(c:/Users/michaela.bayerlova/AppData/Roaming/TinyTeX/texmf-dist/tex/latex/atver
yend/atveryend.sty
Package: atveryend 2019-12-11 v1.11 Hooks at the very end of document (HO)
Package atveryend Info: \enddocument detected (standard20110627).
)
\Fld@listcount=\count268
\c@bookmark@seq@number=\count269

(c:/Users/michaela.bayerlova/AppData/Roaming/TinyTeX/texmf-dist/tex/latex/rerun
filecheck/rerunfilecheck.sty
Package: rerunfilecheck 2019/12/05 v1.9 Rerun checks for auxiliary files (HO)

(c:/Users/michaela.bayerlova/AppData/Roaming/TinyTeX/texmf-dist/tex/generic/uni
quecounter/uniquecounter.sty
Package: uniquecounter 2019/12/15 v1.4 Provide unlimited unique counter (HO)
)
Package uniquecounter Info: New unique counter `rerunfilecheck' on input line 2
86.
)
\Hy@SectionHShift=\skip66
)
(c:/Users/michaela.bayerlova/AppData/Roaming/TinyTeX/texmf-dist/tex/latex/graph
ics/color.sty
Package: color 2019/11/23 v1.2a Standard LaTeX Color (DPC)

(c:/Users/michaela.bayerlova/AppData/Roaming/TinyTeX/texmf-dist/tex/latex/graph
ics-cfg/color.cfg
File: color.cfg 2016/01/02 v1.6 sample color configuration
)
Package color Info: Driver file: pdftex.def on input line 147.

(c:/Users/michaela.bayerlova/AppData/Roaming/TinyTeX/texmf-dist/tex/latex/graph
ics/dvipsnam.def
File: dvipsnam.def 2016/06/17 v3.0m Driver-dependent file (DPC,SPQR)
))
(c:/Users/michaela.bayerlova/AppData/Roaming/TinyTeX/texmf-dist/tex/latex/listi
ngs/listings.sty
\lst@mode=\count270
\lst@gtempboxa=\box52
\lst@token=\toks34
\lst@length=\count271
\lst@currlwidth=\dimen159
\lst@column=\count272
\lst@pos=\count273
\lst@lostspace=\dimen160
\lst@width=\dimen161
\lst@newlines=\count274
\lst@lineno=\count275
\lst@maxwidth=\dimen162

(c:/Users/michaela.bayerlova/AppData/Roaming/TinyTeX/texmf-dist/tex/latex/listi
ngs/lstmisc.sty
File: lstmisc.sty 2020/03/24 1.8d (Carsten Heinz)
\c@lstnumber=\count276
\lst@skipnumbers=\count277
\lst@framebox=\box53
)
(c:/Users/michaela.bayerlova/AppData/Roaming/TinyTeX/texmf-dist/tex/latex/listi
ngs/listings.cfg
File: listings.cfg 2020/03/24 1.8d listings configuration
))
Package: listings 2020/03/24 1.8d (Carsten Heinz)

(c:/Users/michaela.bayerlova/AppData/Roaming/TinyTeX/texmf-dist/tex/latex/fancy
vrb/fancyvrb.sty
Package: fancyvrb 2020/05/03 v3.6 verbatim text (tvz,hv)
\FV@CodeLineNo=\count278
\FV@InFile=\read3
\FV@TabBox=\box54
\c@FancyVerbLine=\count279
\FV@StepNumber=\count280
\FV@OutFile=\write3
)
(c:/Users/michaela.bayerlova/AppData/Roaming/TinyTeX/texmf-dist/tex/latex/frame
d/framed.sty
Package: framed 2011/10/22 v 0.96: framed or shaded text with page breaks
\OuterFrameSep=\skip67
\fb@frw=\dimen163
\fb@frh=\dimen164
\FrameRule=\dimen165
\FrameSep=\dimen166
)
(c:/Users/michaela.bayerlova/AppData/Roaming/TinyTeX/texmf-dist/tex/latex/natbi
b/natbib.sty
Package: natbib 2010/09/13 8.31b (PWD, AO)
\bibhang=\skip68
\bibsep=\skip69
LaTeX Info: Redefining \cite on input line 694.
\c@NAT@ctr=\count281
)
(c:/Users/michaela.bayerlova/AppData/Roaming/TinyTeX/texmf-dist/tex/latex/titli
ng/titling.sty
Package: titling 2009/09/04 v2.1d maketitle typesetting
\thanksmarkwidth=\skip70
\thanksmargin=\skip71
\droptitle=\skip72
)
Package hyperref Info: Option `breaklinks' set `true' on input line 132.

Package hyperref Warning: Option `bookmarks' has already been used,
(hyperref)                setting the option has no effect on input line 132.

Package hyperref Info: Option `colorlinks' set `true' on input line 132.

(c:/Users/michaela.bayerlova/AppData/Roaming/TinyTeX/texmf-dist/tex/latex/l3bac
kend/l3backend-pdftex.def
File: l3backend-pdftex.def 2020-09-11 L3 backend support: PDF output (pdfTeX)
\l__kernel_color_stack_int=\count282
\l__pdf_internal_box=\box55
) (./03_datasets_revised.aux)
\openout1 = `03_datasets_revised.aux'.

LaTeX Font Info:    Checking defaults for OML/cmm/m/it on input line 136.
LaTeX Font Info:    ... okay on input line 136.
LaTeX Font Info:    Checking defaults for OMS/cmsy/m/n on input line 136.
LaTeX Font Info:    ... okay on input line 136.
LaTeX Font Info:    Checking defaults for OT1/cmr/m/n on input line 136.
LaTeX Font Info:    ... okay on input line 136.
LaTeX Font Info:    Checking defaults for T1/cmr/m/n on input line 136.
LaTeX Font Info:    ... okay on input line 136.
LaTeX Font Info:    Checking defaults for TS1/cmr/m/n on input line 136.
LaTeX Font Info:    ... okay on input line 136.
LaTeX Font Info:    Checking defaults for OMX/cmex/m/n on input line 136.
LaTeX Font Info:    ... okay on input line 136.
LaTeX Font Info:    Checking defaults for U/cmr/m/n on input line 136.
LaTeX Font Info:    ... okay on input line 136.
LaTeX Font Info:    Checking defaults for PD1/pdf/m/n on input line 136.
LaTeX Font Info:    ... okay on input line 136.
LaTeX Font Info:    Checking defaults for PU/pdf/m/n on input line 136.
LaTeX Font Info:    ... okay on input line 136.

(c:/Users/michaela.bayerlova/AppData/Roaming/TinyTeX/texmf-dist/tex/latex/epsto
pdf-pkg/epstopdf-base.sty
Package: epstopdf-base 2020-01-24 v2.11 Base part for package epstopdf
Package epstopdf-base Info: Redefining graphics rule for `.eps' on input line 4
85.

(c:/Users/michaela.bayerlova/AppData/Roaming/TinyTeX/texmf-dist/tex/latex/latex
config/epstopdf-sys.cfg
File: epstopdf-sys.cfg 2010/07/13 v1.3 Configuration of (r)epstopdf for TeX Liv
e
))
Package lastpage Info: Please have a look at the pageslts package at
(lastpage)             https://www.ctan.org/pkg/pageslts
(lastpage)             ! on input line 136.
\AtBeginShipoutBox=\box56
Package hyperref Info: Link coloring ON on input line 136.

(c:/Users/michaela.bayerlova/AppData/Roaming/TinyTeX/texmf-dist/tex/latex/hyper
ref/nameref.sty
Package: nameref 2019/09/16 v2.46 Cross-referencing by name of section

(c:/Users/michaela.bayerlova/AppData/Roaming/TinyTeX/texmf-dist/tex/latex/refco
unt/refcount.sty
Package: refcount 2019/12/15 v3.6 Data extraction from label references (HO)
)
(c:/Users/michaela.bayerlova/AppData/Roaming/TinyTeX/texmf-dist/tex/generic/get
titlestring/gettitlestring.sty
Package: gettitlestring 2019/12/15 v1.6 Cleanup title references (HO)
)
\c@section@level=\count283
)
LaTeX Info: Redefining \ref on input line 136.
LaTeX Info: Redefining \pageref on input line 136.
LaTeX Info: Redefining \nameref on input line 136.
(./03_datasets_revised.out) (./03_datasets_revised.out)
\@outlinefile=\write4
\openout4 = `03_datasets_revised.out'.

\c@lstlisting=\count284
LaTeX Font Info:    Trying to load font information for U+msa on input line 138
.

(c:/Users/michaela.bayerlova/AppData/Roaming/TinyTeX/texmf-dist/tex/latex/amsfo
nts/umsa.fd
File: umsa.fd 2013/01/14 v3.01 AMS symbols A
)
LaTeX Font Info:    Trying to load font information for U+msb on input line 138
.

(c:/Users/michaela.bayerlova/AppData/Roaming/TinyTeX/texmf-dist/tex/latex/amsfo
nts/umsb.fd
File: umsb.fd 2013/01/14 v3.01 AMS symbols B
)
LaTeX Font Info:    Font shape `OT1/cmtt/bx/n' in size <10> not available
(Font)              Font shape `OT1/cmtt/m/n' tried instead on input line 144.

Package natbib Warning: Citation `IMDB:2020' on page 1 undefined on input line 
195.


Package natbib Warning: Citation `Shaffer:2020' on page 1 undefined on input li
ne 196.

[1

{c:/Users/michaela.bayerlova/AppData/Roaming/TinyTeX/texmf-var/fonts/map/pdftex
/updmap/pdftex.map}] (./03_datasets_revised.bbl) 
AED: lastpage setting LastPage
[2]

Package natbib Warning: There were undefined citations.

Package atveryend Info: Empty hook `BeforeClearDocument' on input line 206.
Package atveryend Info: Empty hook `AfterLastShipout' on input line 206.
(./03_datasets_revised.aux)
Package atveryend Info: Executing hook `AtVeryEndDocument' on input line 206.
Package atveryend Info: Executing hook `AtEndAfterFileList' on input line 206.
Package rerunfilecheck Info: File `03_datasets_revised.out' has not changed.
(rerunfilecheck)             Checksum: D41D8CD98F00B204E9800998ECF8427E;0.
Package atveryend Info: Empty hook `AtVeryVeryEnd' on input line 206.
 ) 
Here is how much of TeX's memory you used:
 12181 strings out of 482824
 176640 string characters out of 5953489
 426003 words of memory out of 5000000
 27368 multiletter control sequences out of 15000+600000
 543802 words of font info for 64 fonts, out of 8000000 for 9000
 14 hyphenation exceptions out of 8191
 43i,11n,45p,284b,403s stack positions out of 5000i,500n,10000p,200000b,80000s
<c:/Users/michaela.bayerlova/AppData/Roaming/TinyTeX/texmf-dist/fonts/type1/p
ublic/amsfonts/cm/cmbx10.pfb><c:/Users/michaela.bayerlova/AppData/Roaming/TinyT
eX/texmf-dist/fonts/type1/public/amsfonts/cm/cmbx12.pfb><c:/Users/michaela.baye
rlova/AppData/Roaming/TinyTeX/texmf-dist/fonts/type1/public/amsfonts/cm/cmitt10
.pfb><c:/Users/michaela.bayerlova/AppData/Roaming/TinyTeX/texmf-dist/fonts/type
1/public/amsfonts/cm/cmr10.pfb><c:/Users/michaela.bayerlova/AppData/Roaming/Tin
yTeX/texmf-dist/fonts/type1/public/amsfonts/cm/cmr12.pfb><c:/Users/michaela.bay
erlova/AppData/Roaming/TinyTeX/texmf-dist/fonts/type1/public/amsfonts/cm/cmr17.
pfb><c:/Users/michaela.bayerlova/AppData/Roaming/TinyTeX/texmf-dist/fonts/type1
/public/amsfonts/cm/cmr6.pfb><c:/Users/michaela.bayerlova/AppData/Roaming/TinyT
eX/texmf-dist/fonts/type1/public/amsfonts/cm/cmr7.pfb><c:/Users/michaela.bayerl
ova/AppData/Roaming/TinyTeX/texmf-dist/fonts/type1/public/amsfonts/cm/cmr8.pfb>
<c:/Users/michaela.bayerlova/AppData/Roaming/TinyTeX/texmf-dist/fonts/type1/pub
lic/amsfonts/cm/cmti10.pfb><c:/Users/michaela.bayerlova/AppData/Roaming/TinyTeX
/texmf-dist/fonts/type1/public/amsfonts/cm/cmtt10.pfb><c:/Users/michaela.bayerl
ova/AppData/Roaming/TinyTeX/texmf-dist/fonts/type1/public/amsfonts/cm/cmtt12.pf
b>
Output written on 03_datasets_revised.pdf (2 pages, 128729 bytes).
PDF statistics:
 72 PDF objects out of 1000 (max. 8388607)
 55 compressed objects within 1 object stream
 6 named destinations out of 1000 (max. 500000)
 1 words of extra memory for PDF output out of 10000 (max. 10000000)

